============================================================
  Generated by:           Genus(TM) Synthesis Solution 20.11-s111_1
  Generated on:           Apr 01 2025  05:44:24 pm
  Module:                 lock
  Technology libraries:   tsl18fs120_scl_ss 1
                          tsl18cio150_max 1.0
  Operating conditions:   tsl18cio150_max (worst_case_tree)
  Wireload mode:          enclosed
  Area mode:              timing library
============================================================

Timing
--------

Clock  Period 
--------------
CLK   10000.0 


  Cost    Critical         Violating 
 Group   Path Slack  TNS     Paths   
-------------------------------------
CLK          1647.6   0.0          0 
default    No paths   0.0            
-------------------------------------
Total                 0.0          0 

Instance Count
--------------
Leaf Instance Count             25 
Physical Instance count          0 
Sequential Instance Count        3 
Combinational Instance Count    22 
Hierarchical Instance Count      0 

Area
----
Cell Area                          727.520
Physical Cell Area                 0.000
Total Cell Area (Cell+Physical)    727.520
Net Area                           8.827
Total Area (Cell+Physical+Net)     736.347

Runtime                            0.0 seconds
Elapsed Runtime                    28 seconds
Genus peak memory usage            1194.34 
Innovus peak memory usage          no_value 
Hostname                           vlsilab9.nitrkl.ac.in
