============================================================
  Generated by:           Genus(TM) Synthesis Solution 20.11-s111_1
  Generated on:           Apr 01 2025  05:44:24 pm
  Module:                 lock
  Technology libraries:   tsl18fs120_scl_ss 1
                          tsl18cio150_max 1.0
  Operating conditions:   tsl18cio150_max (worst_case_tree)
  Wireload mode:          enclosed
  Area mode:              timing library
============================================================

                               Leakage  
  Gate    Instances   Area   Power (nW)        Library       
-------------------------------------------------------------
an03d1            2   37.640      0.602    tsl18fs120_scl_ss 
an03da            1   43.900      4.264    tsl18fs120_scl_ss 
aoi21d1           1   15.680      0.148    tsl18fs120_scl_ss 
aoi22d1           1   18.820      0.077    tsl18fs120_scl_ss 
aon211d1          1   18.820      0.050    tsl18fs120_scl_ss 
dfcrq1            3  197.580      2.619    tsl18fs120_scl_ss 
inv0d0            3   18.810      0.443    tsl18fs120_scl_ss 
inv0d1            3   28.230      0.282    tsl18fs120_scl_ss 
nd02d1            5   62.700      0.166    tsl18fs120_scl_ss 
nr02d1            2   25.080      0.348    tsl18fs120_scl_ss 
nr03d1            1   15.680      0.302    tsl18fs120_scl_ss 
oai21d1           1   15.680      0.056    tsl18fs120_scl_ss 
oai221d1          1   28.220      0.043    tsl18fs120_scl_ss 
or02da            1   40.770      4.307    tsl18fs120_scl_ss 
or03da            1   47.040      4.350    tsl18fs120_scl_ss 
-------------------------------------------------------------
total            27  614.650     18.060                      


                                          Leakage  Leakage 
     Type      Instances   Area  Area % Power (nW) Power % 
-----------------------------------------------------------
sequential             3 197.580   32.1      2.619    14.5 
inverter               6  47.040    7.7      0.726     4.0 
logic                 18 370.030   60.2     14.715    81.5 
physical_cells         0   0.000    0.0      0.000     0.0 
-----------------------------------------------------------
total                 27 614.650  100.0     18.060   100.0 

