============================================================
  Generated by:           Genus(TM) Synthesis Solution 20.11-s111_1
  Generated on:           Apr 01 2025  05:44:24 pm
  Module:                 lock
  Technology libraries:   tsl18fs120_scl_ss 1
                          tsl18cio150_max 1.0
  Operating conditions:   tsl18cio150_max (worst_case_tree)
  Wireload mode:          enclosed
  Area mode:              timing library
============================================================

                               Leakage  
  Gate    Instances   Area   Power (nW)        Library       
-------------------------------------------------------------
an03d0            1   18.820      0.080    tsl18fs120_scl_ss 
aoi21d1           1   15.680      0.148    tsl18fs120_scl_ss 
aoi22d1           1   18.820      0.077    tsl18fs120_scl_ss 
aon211d1          1   18.820      0.050    tsl18fs120_scl_ss 
aor311d1          1   25.090      0.408    tsl18fs120_scl_ss 
aor31d1           1   21.950      0.467    tsl18fs120_scl_ss 
bufbdk            3  225.780     27.069    tsl18fs120_scl_ss 
dfcrb1            3  216.390      2.523    tsl18fs120_scl_ss 
inv0d0            3   18.810      0.443    tsl18fs120_scl_ss 
nd02d1            5   62.700      0.166    tsl18fs120_scl_ss 
nr02d1            2   25.080      0.348    tsl18fs120_scl_ss 
nr03d1            1   15.680      0.302    tsl18fs120_scl_ss 
oai21d1           1   15.680      0.056    tsl18fs120_scl_ss 
oai221d1          1   28.220      0.043    tsl18fs120_scl_ss 
-------------------------------------------------------------
total            25  727.520     32.182                      


                                          Leakage  Leakage 
     Type      Instances   Area  Area % Power (nW) Power % 
-----------------------------------------------------------
sequential             3 216.390   29.7      2.523     7.8 
inverter               3  18.810    2.6      0.443     1.4 
buffer                 3 225.780   31.0     27.069    84.1 
logic                 16 266.540   36.6      2.147     6.7 
physical_cells         0   0.000    0.0      0.000     0.0 
-----------------------------------------------------------
total                 25 727.520  100.0     32.182   100.0 

