version: (200506)

available memory: 64M bytes
used memory: 81920 bytes [need 80K bytes if disable swap]

used block: 3 [memory(3) file(0)]
                 [ 8K(2) 64K(1) { total 80K bytes } ]
overhead: (9538) bytes for (3) blocks [Average: (3179) bytes/block]

write  => 0(times) 0K(bytes) [0K bytes to file]
read   => 1(times) 7K(bytes) [1K bytes compressed data from file]
access => 123471(times) 968M(bytes)
          [hit ratio: 99.9992%]

time: write(0) read(0)  unit: second

swap file directory: (/home/nitrkl9/Documents/lock_files/PowerAnalysis/verdiLog)
used swap file number: (1)



swap file manager:
arrSize: (256)
idxCnt: (3)
closeHead: (1)
closeTail: (2)
openCnt: (2)
fid(2): fd(34) fileName(/home/nitrkl9/Documents/lock_files/PowerAnalysis/verdiLog/_swap_0001#-1463765967#9637)
	size(0) lastModTime(0) curModTime(1743163165)
	mode(w+b)	hot(0) cool(1) pos(0)
fid(1): fd(1073741824) fileName(/home/nitrkl9/Documents/lock_files/PowerAnalysis/simv.daidir/kdb.elab++/work.lib++/tb_lock.v.tdc)
	size(2417) lastModTime(1743163147) curModTime(1743163147)
	mode(rb)	hot(2) cool(0) pos(0)
fid(0): fd(0) fileName(NULL)
	mode(NULL)	hot(0) cool(0) pos(0)
==================================================
mySelf(0x18c74190) pre(0x1a5047f0) next((nil))
version(200506)
date(Feb  1 2023 02:39:48)
