#######################################################################################
# log primitive debug message of FSDB dumping                                         #
# This is for R&D to analyze when there are issues happening when FSDB dump           #
#######################################################################################
ANF: vcsd_get_serial_mode_status('/home/nitrkl9/Documents/lock_files/PowerAnalysis/simv: undefined symbol: vcsd_get_serial_mode_status')
ANF: vcsd_enable_sva_success_callback('/home/nitrkl9/Documents/lock_files/PowerAnalysis/simv: undefined symbol: vcsd_enable_sva_success_callback')
ANF: vcsd_disable_sva_success_callback('/home/nitrkl9/Documents/lock_files/PowerAnalysis/simv: undefined symbol: vcsd_disable_sva_success_callback')
ANF: vcsd_get_power_scope_name('/home/nitrkl9/Documents/lock_files/PowerAnalysis/simv: undefined symbol: vcsd_get_power_scope_name')
ANF: vcsd_dump_var_vpdg('/home/nitrkl9/Documents/lock_files/PowerAnalysis/simv: undefined symbol: vcsd_dump_var_vpdg')
ANF: vcsd_begin_no_value_var_info('/home/nitrkl9/Documents/lock_files/PowerAnalysis/simv: undefined symbol: vcsd_begin_no_value_var_info')
ANF: vcsd_end_no_value_var_info('/home/nitrkl9/Documents/lock_files/PowerAnalysis/simv: undefined symbol: vcsd_end_no_value_var_info')
ANF: vcsd_remove_xprop_merge_mode_callback('/home/nitrkl9/Documents/lock_files/PowerAnalysis/simv: undefined symbol: vcsd_remove_xprop_merge_mode_callback')
ANF: vhpi_get_cb_info('/home/nitrkl9/Documents/lock_files/PowerAnalysis/simv: undefined symbol: vhpi_get_cb_info')
ANF: vhpi_free_handle('/home/nitrkl9/Documents/lock_files/PowerAnalysis/simv: undefined symbol: vhpi_free_handle')
ANF: vhpi_fetch_vcsd_handle('/home/nitrkl9/Documents/lock_files/PowerAnalysis/simv: undefined symbol: vhpi_fetch_vcsd_handle')
ANF: vhpi_fetch_vpi_handle('/home/nitrkl9/Documents/lock_files/PowerAnalysis/simv: undefined symbol: vhpi_fetch_vpi_handle')
ANF: vhpi_has_verilog_parent('/home/nitrkl9/Documents/lock_files/PowerAnalysis/simv: undefined symbol: vhpi_has_verilog_parent')
ANF: vhpi_is_verilog_scope('/home/nitrkl9/Documents/lock_files/PowerAnalysis/simv: undefined symbol: vhpi_is_verilog_scope')
ANF: scsd_xprop_is_enabled('/home/nitrkl9/Documents/lock_files/PowerAnalysis/simv: undefined symbol: scsd_xprop_is_enabled')
ANF: scsd_xprop_sig_is_promoted('/home/nitrkl9/Documents/lock_files/PowerAnalysis/simv: undefined symbol: scsd_xprop_sig_is_promoted')
ANF: scsd_xprop_int_xvalue('/home/nitrkl9/Documents/lock_files/PowerAnalysis/simv: undefined symbol: scsd_xprop_int_xvalue')
ANF: scsd_xprop_bool_xvalue('/home/nitrkl9/Documents/lock_files/PowerAnalysis/simv: undefined symbol: scsd_xprop_bool_xvalue')
ANF: scsd_xprop_enum_xvalue('/home/nitrkl9/Documents/lock_files/PowerAnalysis/simv: undefined symbol: scsd_xprop_enum_xvalue')
ANF: scsd_xprop_register_merge_mode_cb('/home/nitrkl9/Documents/lock_files/PowerAnalysis/simv: undefined symbol: scsd_xprop_register_merge_mode_cb')
ANF: scsd_xprop_delete_merge_mode_cb('/home/nitrkl9/Documents/lock_files/PowerAnalysis/simv: undefined symbol: scsd_xprop_delete_merge_mode_cb')
ANF: scsd_xprop_get_merge_mode('/home/nitrkl9/Documents/lock_files/PowerAnalysis/simv: undefined symbol: scsd_xprop_get_merge_mode')
ANF: scsd_thread_get_info('/home/nitrkl9/Documents/lock_files/PowerAnalysis/simv: undefined symbol: scsd_thread_get_info')
ANF: scsd_thread_vc_init('/home/nitrkl9/Documents/lock_files/PowerAnalysis/simv: undefined symbol: scsd_thread_vc_init')
ANF: scsd_master_set_delta_sync_cbk('/home/nitrkl9/Documents/lock_files/PowerAnalysis/simv: undefined symbol: scsd_master_set_delta_sync_cbk')
ANF: scsd_fgp_get_fsdb_cores('/home/nitrkl9/Documents/lock_files/PowerAnalysis/simv: undefined symbol: scsd_fgp_get_fsdb_cores')
ANF: scsd_fgp_get_is_cpu_affinity_disabled('/home/nitrkl9/Documents/lock_files/PowerAnalysis/simv: undefined symbol: scsd_fgp_get_is_cpu_affinity_disabled')
ANF: vdi_dt_get_vlog_variant_size_array_info('/home/nitrkl9/Documents/lock_files/PowerAnalysis/simv: undefined symbol: vdi_dt_get_vlog_variant_size_array_info')
ANF: vdi_flat_node_get_total_bit_size('/home/nitrkl9/Documents/lock_files/PowerAnalysis/simv: undefined symbol: vdi_flat_node_get_total_bit_size')
ANF: vhdi_dt_get_type('/home/nitrkl9/Documents/lock_files/PowerAnalysis/simv: undefined symbol: vhdi_dt_get_type')
ANF: vhdi_dt_get_key('/home/nitrkl9/Documents/lock_files/PowerAnalysis/simv: undefined symbol: vhdi_dt_get_key')
ANF: vhdi_dt_get_vhdl_enum_info('/home/nitrkl9/Documents/lock_files/PowerAnalysis/simv: undefined symbol: vhdi_dt_get_vhdl_enum_info')
ANF: vhdi_dt_get_vhdl_physical_info('/home/nitrkl9/Documents/lock_files/PowerAnalysis/simv: undefined symbol: vhdi_dt_get_vhdl_physical_info')
ANF: vhdi_dt_get_vhdl_array_info('/home/nitrkl9/Documents/lock_files/PowerAnalysis/simv: undefined symbol: vhdi_dt_get_vhdl_array_info')
ANF: vhdi_dt_get_vhdl_record_info('/home/nitrkl9/Documents/lock_files/PowerAnalysis/simv: undefined symbol: vhdi_dt_get_vhdl_record_info')
ANF: vhdi_dt_get_vhdl_integer_range_info('/home/nitrkl9/Documents/lock_files/PowerAnalysis/simv: undefined symbol: vhdi_dt_get_vhdl_integer_range_info')
ANF: vhdi_def_traverse_module('/home/nitrkl9/Documents/lock_files/PowerAnalysis/simv: undefined symbol: vhdi_def_traverse_module')
ANF: vhdi_def_traverse_scope('/home/nitrkl9/Documents/lock_files/PowerAnalysis/simv: undefined symbol: vhdi_def_traverse_scope')
ANF: vhdi_def_traverse_variable('/home/nitrkl9/Documents/lock_files/PowerAnalysis/simv: undefined symbol: vhdi_def_traverse_variable')
ANF: vhdi_def_get_module_id_by_vhpi('/home/nitrkl9/Documents/lock_files/PowerAnalysis/simv: undefined symbol: vhdi_def_get_module_id_by_vhpi')
ANF: vhdi_def_get_handle_by_module_id('/home/nitrkl9/Documents/lock_files/PowerAnalysis/simv: undefined symbol: vhdi_def_get_handle_by_module_id')
ANF: vhdi_def_get_variable_info_by_vhpi('/home/nitrkl9/Documents/lock_files/PowerAnalysis/simv: undefined symbol: vhdi_def_get_variable_info_by_vhpi')
ANF: vhdi_def_free('/home/nitrkl9/Documents/lock_files/PowerAnalysis/simv: undefined symbol: vhdi_def_free')
ANF: vhdi_ist_traverse_scope('/home/nitrkl9/Documents/lock_files/PowerAnalysis/simv: undefined symbol: vhdi_ist_traverse_scope')
ANF: vhdi_ist_traverse_variable('/home/nitrkl9/Documents/lock_files/PowerAnalysis/simv: undefined symbol: vhdi_ist_traverse_variable')
ANF: vhdi_ist_convert_by_vhpi('/home/nitrkl9/Documents/lock_files/PowerAnalysis/simv: undefined symbol: vhdi_ist_convert_by_vhpi')
ANF: vhdi_ist_clone('/home/nitrkl9/Documents/lock_files/PowerAnalysis/simv: undefined symbol: vhdi_ist_clone')
ANF: vhdi_ist_free('/home/nitrkl9/Documents/lock_files/PowerAnalysis/simv: undefined symbol: vhdi_ist_free')
ANF: vhdi_ist_hash_key('/home/nitrkl9/Documents/lock_files/PowerAnalysis/simv: undefined symbol: vhdi_ist_hash_key')
ANF: vhdi_ist_compare('/home/nitrkl9/Documents/lock_files/PowerAnalysis/simv: undefined symbol: vhdi_ist_compare')
ANF: vhdi_ist_get_value_addr('/home/nitrkl9/Documents/lock_files/PowerAnalysis/simv: undefined symbol: vhdi_ist_get_value_addr')
ANF: vhdi_set_scsd_callback('/home/nitrkl9/Documents/lock_files/PowerAnalysis/simv: undefined symbol: vhdi_set_scsd_callback')
ANF: vhdi_cbk_set_force_callback('/home/nitrkl9/Documents/lock_files/PowerAnalysis/simv: undefined symbol: vhdi_cbk_set_force_callback')
ANF: vhdi_trigger_init_force('/home/nitrkl9/Documents/lock_files/PowerAnalysis/simv: undefined symbol: vhdi_trigger_init_force')
ANF: vhdi_ist_check_scsd_callback('/home/nitrkl9/Documents/lock_files/PowerAnalysis/simv: undefined symbol: vhdi_ist_check_scsd_callback')
ANF: vhdi_ist_add_scsd_callback('/home/nitrkl9/Documents/lock_files/PowerAnalysis/simv: undefined symbol: vhdi_ist_add_scsd_callback')
ANF: vhdi_ist_remove_scsd_callback('/home/nitrkl9/Documents/lock_files/PowerAnalysis/simv: undefined symbol: vhdi_ist_remove_scsd_callback')
ANF: vhdi_ist_get_scsd_user_data('/home/nitrkl9/Documents/lock_files/PowerAnalysis/simv: undefined symbol: vhdi_ist_get_scsd_user_data')
ANF: vhdi_add_time_change_callback('/home/nitrkl9/Documents/lock_files/PowerAnalysis/simv: undefined symbol: vhdi_add_time_change_callback')
ANF: vhdi_get_real_value_by_value_addr('/home/nitrkl9/Documents/lock_files/PowerAnalysis/simv: undefined symbol: vhdi_get_real_value_by_value_addr')
ANF: vhdi_get_64_value_by_value_addr('/home/nitrkl9/Documents/lock_files/PowerAnalysis/simv: undefined symbol: vhdi_get_64_value_by_value_addr')
ANF: vhdi_xprop_inst_is_promoted('/home/nitrkl9/Documents/lock_files/PowerAnalysis/simv: undefined symbol: vhdi_xprop_inst_is_promoted')
ANF: vdi_ist_convert_by_vhdi('/home/nitrkl9/Documents/lock_files/PowerAnalysis/simv: undefined symbol: vdi_ist_convert_by_vhdi')
ANF: vhdi_ist_get_module_id('/home/nitrkl9/Documents/lock_files/PowerAnalysis/simv: undefined symbol: vhdi_ist_get_module_id')
ANF: vhdi_refine_foreign_scope_type('/home/nitrkl9/Documents/lock_files/PowerAnalysis/simv: undefined symbol: vhdi_refine_foreign_scope_type')
ANF: vhdi_flush_callback('/home/nitrkl9/Documents/lock_files/PowerAnalysis/simv: undefined symbol: vhdi_flush_callback')
ANF: vhdi_set_orig_name('/home/nitrkl9/Documents/lock_files/PowerAnalysis/simv: undefined symbol: vhdi_set_orig_name')
ANF: vhdi_set_dump_pt('/home/nitrkl9/Documents/lock_files/PowerAnalysis/simv: undefined symbol: vhdi_set_dump_pt')
ANF: vhdi_set_int_subtype('/home/nitrkl9/Documents/lock_files/PowerAnalysis/simv: undefined symbol: vhdi_set_int_subtype')
ANF: vhdi_get_fsdb_option('/home/nitrkl9/Documents/lock_files/PowerAnalysis/simv: undefined symbol: vhdi_get_fsdb_option')
ANF: vhdi_fgp_get_mode('/home/nitrkl9/Documents/lock_files/PowerAnalysis/simv: undefined symbol: vhdi_fgp_get_mode')
ANF: vhdi_node_register_composite_var('/home/nitrkl9/Documents/lock_files/PowerAnalysis/simv: undefined symbol: vhdi_node_register_composite_var')
ANF: vhdi_node_analysis('/home/nitrkl9/Documents/lock_files/PowerAnalysis/simv: undefined symbol: vhdi_node_analysis')
ANF: vhdi_node_id('/home/nitrkl9/Documents/lock_files/PowerAnalysis/simv: undefined symbol: vhdi_node_id')
ANF: vhdi_node_ist_check_scsd_callback('/home/nitrkl9/Documents/lock_files/PowerAnalysis/simv: undefined symbol: vhdi_node_ist_check_scsd_callback')
ANF: vhdi_node_ist_add_scsd_callback('/home/nitrkl9/Documents/lock_files/PowerAnalysis/simv: undefined symbol: vhdi_node_ist_add_scsd_callback')
ANF: vhdi_node_ist_get_value_addr('/home/nitrkl9/Documents/lock_files/PowerAnalysis/simv: undefined symbol: vhdi_node_ist_get_value_addr')
ANF: vhdi_enc_def_traverse_module('/home/nitrkl9/Documents/lock_files/PowerAnalysis/simv: undefined symbol: vhdi_enc_def_traverse_module')
ANF: vhdi_enc_def_traverse_scope('/home/nitrkl9/Documents/lock_files/PowerAnalysis/simv: undefined symbol: vhdi_enc_def_traverse_scope')
ANF: vhdi_enc_def_traverse_variable('/home/nitrkl9/Documents/lock_files/PowerAnalysis/simv: undefined symbol: vhdi_enc_def_traverse_variable')
ANF: vhdi_enc_ist_traverse_scope('/home/nitrkl9/Documents/lock_files/PowerAnalysis/simv: undefined symbol: vhdi_enc_ist_traverse_scope')
ANF: vhdi_enc_ist_traverse_variable('/home/nitrkl9/Documents/lock_files/PowerAnalysis/simv: undefined symbol: vhdi_enc_ist_traverse_variable')
ANF: vhdi_enc_ist_get_module_id('/home/nitrkl9/Documents/lock_files/PowerAnalysis/simv: undefined symbol: vhdi_enc_ist_get_module_id')
ANF: vhdi_enc_def_get_handle_by_module_id('/home/nitrkl9/Documents/lock_files/PowerAnalysis/simv: undefined symbol: vhdi_enc_def_get_handle_by_module_id')
VCS compile option:
 option[0]: /home/nitrkl9/Documents/lock_files/PowerAnalysis/simv
 option[1]: -sml=verdi
 option[2]: +UVM_VERDI_TRACE=UVM_AWARE
 option[3]: +fsdb+gate=off
 option[4]: -ucli2Proc
 option[5]: -ucli
 option[6]: -l
 option[7]: /home/nitrkl9/Documents/lock_files/PowerAnalysis/verdiLog/sim.log
 option[8]: /foundry/synopsys/vcs/vcs/U-2023.03/linux64/bin/vcs1
 option[9]: -Mcc=gcc
 option[10]: -Mcplusplus=g++
 option[11]: -Masflags=
 option[12]: -Mcfl= -pipe -fPIC -O -I/foundry/synopsys/vcs/vcs/U-2023.03/include 
 option[13]: -Mxllcflags=
 option[14]: -Mxcflags= -pipe -fPIC -I/foundry/synopsys/vcs/vcs/U-2023.03/include
 option[15]: -Mldflags= -rdynamic 
 option[16]: -Mout=simv
 option[17]: -Mamsrun=
 option[18]: -Mvcsaceobjs=
 option[19]: -Mobjects= /foundry/synopsys/vcs/vcs/U-2023.03/linux64/lib/libvirsim.so /foundry/synopsys/vcs/vcs/U-2023.03/linux64/lib/liberrorinf.so /foundry/synopsys/vcs/vcs/U-2023.03/linux64/lib/libsnpsmalloc.so /foundry/synopsys/vcs/vcs/U-2023.03/linux64/lib/libvfs.so 
 option[20]: -Mexternalobj=
 option[21]: -Msaverestoreobj=/foundry/synopsys/vcs/vcs/U-2023.03/linux64/lib/vcs_save_restore_new.o
 option[22]: -Mcrt0=
 option[23]: -Mcrtn=
 option[24]: -Mcsrc=
 option[25]: -Msyslibs=-ldl 
 option[26]: -debug_access+all+bc
 option[27]: +vpi
 option[28]: +vcsd
 option[29]: +memcbk
 option[30]: +itf+/foundry/synopsys/vcs/vcs/U-2023.03/linux64/lib/vcsdp.tab
 option[31]: -debug_region+cell
 option[32]: -full64
 option[33]: -kdb
 option[34]: -Xufe=2steps
 option[35]: -picarchive
 option[36]: -gen_obj
 option[37]: tb_lock.v
 option[38]: lock.v
Chronologic Simulation VCS Release U-2023.03_Full64
Linux 3.10.0-1160.el7.x86_64 #1 SMP Mon Oct 19 16:18:59 UTC 2020 x86_64
CPU cores: 8
Limit information:
======================================
cputime		unlimited
filesize		unlimited
datasize		unlimited
stacksize		unlimited
coredumpsize		0 kbytes
memoryuse		unlimited
vmemoryuse		unlimited
descriptors		4096
memorylocked		64 kbytes
maxproc		4096
======================================
(Special)Runtime environment variables:

Runtime environment variables:
XDG_VTNR=1
XDG_SESSION_ID=1
SSH_AGENT_PID=2673
HOSTNAME=vlsilab9.nitrkl.ac.in
DBUS_STARTER_ADDRESS=unix:abstract=/tmp/dbus-L618kGscrG,guid=2890e16dd6959eeb98f7433867e68146
NOVAS_SYNC_MOTIF_DISP=
IMSETTINGS_INTEGRATE_DESKTOP=yes
SHELL=/bin/bash
XDG_MENU_PREFIX=gnome-
VTE_VERSION=5204
TERM=xterm-256color
HISTSIZE=1000
PERL5LIB=/home/nitrkl9/perl5/lib/perl5:
SPS_FONT_PATH=/foundry/synopsys/verdi/U-2023.03-SP1/font
GNOME_TERMINAL_SCREEN=/org/gnome/Terminal/screen/e72ed602_b90b_44be_9468_b27f6109ca73
VCS_STACK_EXEC=true
SPS_XFONT_PATH=/foundry/synopsys/verdi/U-2023.03-SP1/XFont
QTDIR=/usr/lib64/qt-3.3
VCS_PATHMAP_PRELOAD_DONE=1
QTINC=/usr/lib64/qt-3.3/include
PERL_MB_OPT=--install_base /home/nitrkl9/perl5
LC_ALL=C
QT_GRAPHICSSYSTEM_CHECKED=1
IMSETTINGS_MODULE=none
USER=nitrkl9
LD_LIBRARY_PATH=
LS_COLORS=rs=0:di=38;5;27:ln=38;5;51:mh=44;38;5;15:pi=40;38;5;11:so=38;5;13:do=38;5;5:bd=48;5;232;38;5;11:cd=48;5;232;38;5;3:or=48;5;232;38;5;9:mi=05;48;5;232;38;5;15:su=48;5;196;38;5;15:sg=48;5;11;38;5;16:ca=48;5;196;38;5;226:tw=48;5;10;38;5;16:ow=48;5;10;38;5;21:st=48;5;21;38;5;15:ex=38;5;34:*.tar=38;5;9:*.tgz=38;5;9:*.arc=38;5;9:*.arj=38;5;9:*.taz=38;5;9:*.lha=38;5;9:*.lz4=38;5;9:*.lzh=38;5;9:*.lzma=38;5;9:*.tlz=38;5;9:*.txz=38;5;9:*.tzo=38;5;9:*.t7z=38;5;9:*.zip=38;5;9:*.z=38;5;9:*.Z=38;5;9:*.dz=38;5;9:*.gz=38;5;9:*.lrz=38;5;9:*.lz=38;5;9:*.lzo=38;5;9:*.xz=38;5;9:*.bz2=38;5;9:*.bz=38;5;9:*.tbz=38;5;9:*.tbz2=38;5;9:*.tz=38;5;9:*.deb=38;5;9:*.rpm=38;5;9:*.jar=38;5;9:*.war=38;5;9:*.ear=38;5;9:*.sar=38;5;9:*.rar=38;5;9:*.alz=38;5;9:*.ace=38;5;9:*.zoo=38;5;9:*.cpio=38;5;9:*.7z=38;5;9:*.rz=38;5;9:*.cab=38;5;9:*.jpg=38;5;13:*.jpeg=38;5;13:*.gif=38;5;13:*.bmp=38;5;13:*.pbm=38;5;13:*.pgm=38;5;13:*.ppm=38;5;13:*.tga=38;5;13:*.xbm=38;5;13:*.xpm=38;5;13:*.tif=38;5;13:*.tiff=38;5;13:*.png=38;5;13:*.svg=38;5;13:*.svgz=38;5;13:*.mng=38;5;13:*.pcx=38;5;13:*.mov=38;5;13:*.mpg=38;5;13:*.mpeg=38;5;13:*.m2v=38;5;13:*.mkv=38;5;13:*.webm=38;5;13:*.ogm=38;5;13:*.mp4=38;5;13:*.m4v=38;5;13:*.mp4v=38;5;13:*.vob=38;5;13:*.qt=38;5;13:*.nuv=38;5;13:*.wmv=38;5;13:*.asf=38;5;13:*.rm=38;5;13:*.rmvb=38;5;13:*.flc=38;5;13:*.avi=38;5;13:*.fli=38;5;13:*.flv=38;5;13:*.gl=38;5;13:*.dl=38;5;13:*.xcf=38;5;13:*.xwd=38;5;13:*.yuv=38;5;13:*.cgm=38;5;13:*.emf=38;5;13:*.axv=38;5;13:*.anx=38;5;13:*.ogv=38;5;13:*.ogx=38;5;13:*.aac=38;5;45:*.au=38;5;45:*.flac=38;5;45:*.mid=38;5;45:*.midi=38;5;45:*.mka=38;5;45:*.mp3=38;5;45:*.mpc=38;5;45:*.ogg=38;5;45:*.ra=38;5;45:*.wav=38;5;45:*.axa=38;5;45:*.oga=38;5;45:*.spx=38;5;45:*.xspf=38;5;45:
GNOME_TERMINAL_SERVICE=:1.123
XNLSPATH=/foundry/synopsys/verdi/U-2023.03-SP1/etc/access/nls
SSH_AUTH_SOCK=/run/user/1000/keyring/ssh
MALLOC_ARENA_MAX=1
USERNAME=nitrkl9
GNOME_SHELL_SESSION_MODE=classic
PATH=/foundry/synopsys/verdi/U-2023.03-SP1/bin:/foundry/synopsys/vcs/vcs/U-2023.03/bin:/foundry/synopsys/design_compiler/syn/U-2022.12-SP1/bin:/foundry/synopsys/formality/fm/U-2022.12-SP1/bin:/foundry/synopsys/formality/fm/U-2022.12-SP2/bin:/foundry/synopsys/formality/fm/U-2022.12-SP2/bin:/foundry/synopsys/hspice/hspice/U-2023.03/hspice/bin:/foundry/synopsys/icc2/icc2/U-2022.12-SP3/bin:/foundry/synopsys/primepower/prime/U-2022.12-SP1/bin:/foundry/synopsys/fm02/fm/U-2022.12-SP2/bin:/foundry/synopsys/primetime/prime/U-2022.12-SP1/bin:/foundry/synopsys/primetime/prime/U-2022.12-SP3/bin:/foundry/synopsys/primepower/prime/U-2022.12-SP3/bin:/foundry/synopsys/testmax/testmax/U-2022.12-SP3/bin:/foundry/synopsys/testmax/testmax/U-2022.12-SP3/bin:/foundry/synopsys/VCS/vcs/T-2022.06-SP1-1/bin:/foundry/synopsys/tcad/sentaurus/T-2022.03-SP2/bin:/foundry/synopsys/Waveview/wv/T-2022.06-SP2-1/bin:/cad/icc2/icc2/U-2022.12-SP3/bin:/foundry/synopsys/verdi/U-2023.03-SP1/bin:/foundry/synopsys/vcs/vcs/U-2023.03/bin:/foundry/synopsys/design_compiler/syn/U-2022.12-SP1/bin:/foundry/synopsys/formality/fm/U-2022.12-SP1/bin:/foundry/synopsys/formality/fm/U-2022.12-SP2/bin:/foundry/synopsys/formality/fm/U-2022.12-SP2/bin:/foundry/synopsys/hspice/hspice/U-2023.03/hspice/bin:/foundry/synopsys/icc2/icc2/U-2022.12-SP3/bin:/foundry/synopsys/primepower/prime/U-2022.12-SP1/bin:/foundry/synopsys/fm02/fm/U-2022.12-SP2/bin:/foundry/synopsys/primetime/prime/U-2022.12-SP1/bin:/foundry/synopsys/primetime/prime/U-2022.12-SP3/bin:/foundry/synopsys/primepower/prime/U-2022.12-SP3/bin:/foundry/synopsys/testmax/testmax/U-2022.12-SP3/bin:/foundry/synopsys/testmax/testmax/U-2022.12-SP3/bin:/foundry/synopsys/VCS/vcs/T-2022.06-SP1-1/bin:/foundry/synopsys/tcad/sentaurus/T-2022.03-SP2/bin:/foundry/synopsys/Waveview/wv/T-2022.06-SP2-1/bin:/cad/icc2/icc2/U-2022.12-SP3/bin:/usr/lib64/qt-3.3/bin:/home/nitrkl9/perl5/bin:/usr/local/bin:/usr/local/sbin:/usr/bin:/usr/sbin:/bin:/sbin:/home/nitrkl9/.local/bin:/home/nitrkl9/bin
MAIL=/var/spool/mail/nitrkl9
DESKTOP_SESSION=gnome-classic
QT_IM_MODULE=ibus
VERDI_HOME=/foundry/synopsys/verdi/U-2023.03-SP1
PWD=/home/nitrkl9/Documents/lock_files/PowerAnalysis
XDG_SESSION_TYPE=x11
XMODIFIERS=@im=none
VCS_HOME=/foundry/synopsys/vcs/vcs/U-2023.03
SYS_PROG_NAME=verdi
LANG=C
MODULEPATH=/usr/share/Modules/modulefiles:/etc/modulefiles
GDM_LANG=en_IN.UTF-8
KDEDIRS=/usr
LOADEDMODULES=
SYS_INST_DIR=/foundry/synopsys/verdi/U-2023.03-SP1
GDMSESSION=gnome-classic
LM_LICENSE_FILE=27020@14.139.1.126
HISTCONTROL=ignoredups
SSH_ASKPASS=/usr/libexec/openssh/gnome-ssh-askpass
DBUS_STARTER_BUS_TYPE=session
XDG_SEAT=seat0
HOME=/home/nitrkl9
SHLVL=2
VCS_EXEC_DONE=1
VERDI_ORIGNAL_LD_LIBRARY_PATH=
GNOME_DESKTOP_SESSION_ID=this-is-deprecated
PERL_LOCAL_LIB_ROOT=:/home/nitrkl9/perl5
LOGNAME=nitrkl9
XDG_SESSION_DESKTOP=gnome-classic
QTLIB=/usr/lib64/qt-3.3/lib
XDG_DATA_DIRS=/home/nitrkl9/.local/share/flatpak/exports/share/:/var/lib/flatpak/exports/share/:/usr/local/share/:/usr/share/
DBUS_SESSION_BUS_ADDRESS=unix:abstract=/tmp/dbus-L618kGscrG,guid=2890e16dd6959eeb98f7433867e68146
NOVASHLPPATH=/foundry/synopsys/verdi/U-2023.03-SP1/doc
SPS_RGB_PATH=/foundry/synopsys/verdi/U-2023.03-SP1/etc/rgb
MODULESHOME=/usr/share/Modules
LESSOPEN=||/usr/bin/lesspipe.sh %s
WINDOWPATH=1
LD_NOVERSION=1
DISPLAY=:0
XDG_RUNTIME_DIR=/run/user/1000
QT_PLUGIN_PATH=/foundry/synopsys/verdi/U-2023.03-SP1/platform/LINUXAMD64/lib/Qt/plugins
XDG_CURRENT_DESKTOP=GNOME-Classic:GNOME
PERL_MM_OPT=INSTALL_BASE=/home/nitrkl9/perl5
COLORTERM=truecolor
XAUTHORITY=/run/gdm/auth-for-nitrkl9-FwJ3g9/database
BASH_FUNC_module()=() {  eval `/usr/bin/modulecmd bash $*`
}
NOVAS_LC_ALL=C
SIMV_DAIDIR_PATH=/home/nitrkl9/Documents/lock_files/PowerAnalysis/./simv.daidir
NOVAS_SIGNAL_BASE_EXTRACTION=1
SIGNAL_BASE_EXTRACTION=1
NOVAS_VERDI_SVTB_BETA=1
VERDI_SVTB_BETA=1
NOVAS_VERDI_SVTB_ALPHA=1
VERDI_SVTB_ALPHA=1
NOVAS_VERDI_TB_HT=1
VERDI_TB_HT=1
NOVAS_WAVE_REDRAW_ALLVC=1
WAVE_REDRAW_ALLVC=1
NOVAS_TCL_LIBRARY=/foundry/synopsys/verdi/U-2023.03-SP1/etc/access/tcl86_library
TCL_LIBRARY=/foundry/synopsys/verdi/U-2023.03-SP1/etc/access/tcl86_library
XKEYSYMDB=/foundry/synopsys/verdi/U-2023.03-SP1/etc/access/XKeysymDB2.1
XLOCALEDIR=/foundry/synopsys/verdi/U-2023.03-SP1/etc/access/locale
NOVAS_SIGNAL_BASED_BA=0
SIGNAL_BASED_BA=0
SNPS_SIM_DEFAULT_GUI=verdi
FSDB_FILE=/home/nitrkl9/Documents/lock_files/PowerAnalysis/inter.fsdb
VCS_UCLI_STDIN_BLOCKING=1
FSDB_VHDL_PROTECTED=1
FSDB_RD_IR_ENABLE=1
FSDB_SVA_STATUS=1
VCS_STOP_SAFE=1
DVE_SIM_SELECT_LOOP=on
FLEXLM_BORROWFILE=/home/nitrkl9/.vlsilab9.nitrkl.ac.in-borrow.txt
Runtime command line arguments:
argv[0]=/home/nitrkl9/Documents/lock_files/PowerAnalysis/simv
argv[1]=-sml=verdi
argv[2]=+UVM_VERDI_TRACE=UVM_AWARE
argv[3]=+fsdb+gate=off
argv[4]=-ucli2Proc
argv[5]=-ucli
argv[6]=-l
argv[7]=/home/nitrkl9/Documents/lock_files/PowerAnalysis/verdiLog/sim.log
263 profile - 100
          CPU/Mem usage: 0.010 sys,  0.030 user,  265.94M mem
264 Elapsed time:    0:00:02    Fri Mar 28 17:29:27 2025
265 User CPU time used: 0 seconds
266 System CPU time used: 0 seconds
267 pliAppInit
268 ndpGetenv(FSDB_FILE): /home/nitrkl9/Documents/lock_files/PowerAnalysis/inter.fsdb
269 ndpGetenv(FSDB_SVA_STATUS): 1
270 ndpGetenv(FSDB_VHDL_PROTECTED): 1
271 [SC]Init: MemoryConsumed=0.00MB ElapsedTime=0hour 0min. 0sec.
272 FSDB_GATE & FSDB_RTL is disabled.
273 FSDB_ALIAS_ARRAY_ELEM is set to 4294967295.
274 Enable Parallel Dumping.
275 pliAppMiscSet: New Sim Round
276 pliEntryInit
277 LIBSSCORE=found /foundry/synopsys/verdi/U-2023.03-SP1/share/PLI/lib/LINUXAMD64/libsscore_vcs202303.so through $NOVAS_HOME setting.
278 FSDB Dumper for VCS, Release Verdi_U-2023.03-SP1, Linux x86_64/64bit, 05/28/2023
279 (C) 1996 - 2023 by Synopsys, Inc.
280 sps_tcl_fsdbDumpfile_main at 0
281 argv[0]: /home/nitrkl9/Documents/lock_files/PowerAnalysis/inter.fsdb
282 *Verdi* : Create FSDB file '/home/nitrkl9/Documents/lock_files/PowerAnalysis/inter.fsdb'
283 [spi_vcs_vd_ppi_create_root]: no upf option
284 compile option from '/home/nitrkl9/Documents/lock_files/PowerAnalysis/simv.daidir/vcs_rebuild'.
285   "vcs 'tb_lock.v' 'lock.v' '-debug_all' '-full64' '-kdb' 2>&1"
286 sps_tcl_fsdbDumpflush_vd_main at 0 : N/A(0)
287 *Verdi* : Flush all FSDB Files at 0 ps.
288 sps_tcl_fsdbDumpflush_vd_main at 0 : N/A(0)
289 *Verdi* : Flush all FSDB Files at 0 ps.
290 DVDI_is_vir_unload_enabled is enable
291 FSDB_VCS_ENABLE_NATIVE_VC is enable
292 sps_tcl_fsdbDumpvars_vd_main
293 argv[0]: 1
294 argv[1]: testbench.u1
295 argv[2]: +all
296 argv[3]: +trace_process
297 *Verdi* : Begin traversing the scope (testbench.u1), layer (1).
298 *Verdi* : Enable +trace_process and +all dumping.
299 *Verdi* : End of traversing.
300 pliAppHDL_DumpVarComplete traverse var: profile - 
          CPU/Mem usage: 0.020 sys,  0.040 user,  366.99M mem
                   incr: 0.000 sys,  0.000 user,  3.40M mem
                   accu: 0.000 sys,  0.000 user,  3.40M mem
              accu incr: 0.000 sys,  0.000 user,  3.40M mem

          Count usage: 8 var,  8 idcode,  8 callback
                 incr: 8 var,  8 idcode,  8 callback
                 accu: 8 var,  8 idcode,  8 callback
            accu incr: 8 var,  8 idcode,  8 callback
301 Elapsed time:    0:00:34    Fri Mar 28 17:29:59 2025
302 User CPU time used: 0 seconds
303 System CPU time used: 0 seconds
304 pliAppHDL_DumpVarComplete: profile - 
          CPU/Mem usage: 0.020 sys,  0.040 user,  368.05M mem
                   incr: 0.000 sys,  0.000 user,  1.05M mem
                   accu: 0.000 sys,  0.000 user,  4.45M mem
              accu incr: 0.000 sys,  0.000 user,  1.05M mem

          Count usage: 8 var,  8 idcode,  8 callback
                 incr: 0 var,  0 idcode,  0 callback
                 accu: 8 var,  8 idcode,  8 callback
            accu incr: 0 var,  0 idcode,  0 callback
305 Elapsed time:    0:00:34    Fri Mar 28 17:29:59 2025
306 User CPU time used: 0 seconds
307 System CPU time used: 0 seconds
308 sps_tcl_fsdbDumpvars_vd_main
309 argv[0]: 1
310 argv[1]: testbench
311 argv[2]: +all
312 argv[3]: +trace_process
313 *Verdi* : Begin traversing the scope (testbench), layer (1).
314 *Verdi* : Enable +trace_process and +all dumping.
315 *Verdi* : End of traversing.
316 pliAppHDL_DumpVarComplete traverse var: profile - 
          CPU/Mem usage: 0.020 sys,  0.040 user,  368.05M mem
                   incr: 0.000 sys,  0.000 user,  0.00M mem
                   accu: 0.000 sys,  0.000 user,  0.00M mem
              accu incr: 0.000 sys,  0.000 user,  0.00M mem

          Count usage: 14 var,  14 idcode,  14 callback
                 incr: 6 var,  6 idcode,  6 callback
                 accu: 6 var,  6 idcode,  6 callback
            accu incr: 6 var,  6 idcode,  6 callback
317 Elapsed time:    0:00:34    Fri Mar 28 17:29:59 2025
318 User CPU time used: 0 seconds
319 System CPU time used: 0 seconds
320 pliAppHDL_DumpVarComplete: profile - 
          CPU/Mem usage: 0.020 sys,  0.040 user,  368.05M mem
                   incr: 0.000 sys,  0.000 user,  0.00M mem
                   accu: 0.000 sys,  0.000 user,  0.00M mem
              accu incr: 0.000 sys,  0.000 user,  0.00M mem

          Count usage: 14 var,  14 idcode,  14 callback
                 incr: 0 var,  0 idcode,  0 callback
                 accu: 6 var,  6 idcode,  6 callback
            accu incr: 0 var,  0 idcode,  0 callback
321 Elapsed time:    0:00:34    Fri Mar 28 17:29:59 2025
322 User CPU time used: 0 seconds
323 System CPU time used: 0 seconds
324 sps_tcl_fsdbDumpflush_vd_main at 0 : N/A(0)
325 *Verdi* : Flush all FSDB Files at 0 ps.
326 sps_tcl_fsdbDumpflush_vd_main at 300000 : N/A(0)
327 *Verdi* : Flush all FSDB Files at 300,000 ps.
328 End of simulation at 300000
329 Memory usage: 369.881 M
330 Maximum resident set size: 150 MB
331 Hard page faults: 12
332 Soft page faults: 8291
333 Elapsed time:    0:07:07    Fri Mar 28 17:36:32 2025
334 User CPU time used: 0 seconds
335 System CPU time used: 0 seconds
336 Begin FSDB profile info:
337 FSDB Writer : bc1(234) bcn(49) mtf/stf(0/4)
FSDB Writer elapsed time : flush(0.020732) io wait(0.000000) theadpool wait(0.000000)
FSDB Writer cpu time : MT Compression : 0
338 End FSDB profile info
339 FSDB closed. Name: /home/nitrkl9/Documents/lock_files/PowerAnalysis/inter.fsdb Size: 9369
340 Parallel profile     - ProducerThread:1 ConsumerThread:1 Buffer:64MB
341                      - BlockUsed:1 Acquire:0 BufferUsed:4056
342                      - Flush:8 Expand:0 ProducerWait:0 ConsumerWait:0
343                      - MainProducerTime:0.076355970 TotalConsumerTime:0.000000000
344                      - ElapsedTime:425.102137000
345 Producer   0 profile - BlockUsed:3 Acquire:0 BufferUsed:4056
346 Consumer   0 profile - Affinity:-1 CPUTime:0.000000000 LifeTime:0.000000000 (-nan%)
347                      - BlockUsed:3 Acquire:0 BufferUsed:4056
348 SimExit
349 Elapsed time:    0:07:08    Fri Mar 28 17:36:33 2025
350 User CPU time used: 0 seconds
351 System CPU time used: 0 seconds
352 Sim process exit
